12.02.2025 08:16:45 INFO Status: CONNECTING
12.02.2025 08:16:45 INFO Status: DISCONNECTED
12.02.2025 08:16:45 ERROR Exception: ORA-499: Unable to obtain station descriptor. HTTP request failed object='/Hosts.jsp'?ID=1764681405494&PN=Demo&SN=ForexConnect&MV=5&LN='52037085'&AT=PLAIN' errorCode=6
Traceback (most recent call last):
  File "GetHistPrices.py", line 52, in main
    common_samples.session_status_changed)
  File "/home/bmo/workspace/forex-connect/venv/lib/python3.6/site-packages/forexconnect/ForexConnect.py", line 206, in login
    use_table_manager, table_manager_callback)
  File "/home/bmo/workspace/forex-connect/venv/lib/python3.6/site-packages/forexconnect/ForexConnect.py", line 153, in _login
    raise LoginFailedError(self._status_listener.last_error)
forexconnect.errors.LoginFailedError: ORA-499: Unable to obtain station descriptor. HTTP request failed object='/Hosts.jsp'?ID=1764681405494&PN=Demo&SN=ForexConnect&MV=5&LN='52037085'&AT=PLAIN' errorCode=6

12.02.2025 08:17:38 INFO Status: CONNECTING
12.02.2025 08:17:38 INFO Status: DISCONNECTED
12.02.2025 08:17:38 ERROR Exception: ORA-499: Unable to obtain station descriptor. HTTP request failed object='/Hosts.jsp'?ID=1764681458366&PN=Demo&SN=ForexConnect&MV=5&LN='52037085'&AT=PLAIN' errorCode=6
Traceback (most recent call last):
  File "GetHistPrices.py", line 52, in main
    common_samples.session_status_changed)
  File "/home/bmo/workspace/forex-connect/venv/lib/python3.6/site-packages/forexconnect/ForexConnect.py", line 206, in login
    use_table_manager, table_manager_callback)
  File "/home/bmo/workspace/forex-connect/venv/lib/python3.6/site-packages/forexconnect/ForexConnect.py", line 153, in _login
    raise LoginFailedError(self._status_listener.last_error)
forexconnect.errors.LoginFailedError: ORA-499: Unable to obtain station descriptor. HTTP request failed object='/Hosts.jsp'?ID=1764681458366&PN=Demo&SN=ForexConnect&MV=5&LN='52037085'&AT=PLAIN' errorCode=6

12.02.2025 08:18:45 INFO Status: CONNECTING
12.02.2025 08:18:45 INFO Status: DISCONNECTED
12.02.2025 08:18:45 ERROR Exception: ORA-499: Unable to obtain station descriptor. HTTP request failed object='/Hosts.jsp'?ID=1764681525495&PN=Demo&SN=ForexConnect&MV=5&LN=52037085&AT=PLAIN' errorCode=6
Traceback (most recent call last):
  File "GetHistPrices.py", line 52, in main
    common_samples.session_status_changed)
  File "/home/bmo/workspace/forex-connect/venv/lib/python3.6/site-packages/forexconnect/ForexConnect.py", line 206, in login
    use_table_manager, table_manager_callback)
  File "/home/bmo/workspace/forex-connect/venv/lib/python3.6/site-packages/forexconnect/ForexConnect.py", line 153, in _login
    raise LoginFailedError(self._status_listener.last_error)
forexconnect.errors.LoginFailedError: ORA-499: Unable to obtain station descriptor. HTTP request failed object='/Hosts.jsp'?ID=1764681525495&PN=Demo&SN=ForexConnect&MV=5&LN=52037085&AT=PLAIN' errorCode=6

12.02.2025 08:19:20 INFO Status: CONNECTING
12.02.2025 08:19:22 INFO Status: CONNECTED
12.02.2025 08:19:30 INFO Status: DISCONNECTING
12.02.2025 08:19:30 INFO Status: DISCONNECTED
12.02.2025 11:43:52 INFO Status: CONNECTING
12.02.2025 11:43:55 INFO Status: CONNECTED
12.02.2025 11:43:55 INFO Status: DISCONNECTING
12.02.2025 11:43:56 INFO Status: DISCONNECTED
